# Bravais Lattice Basis
 -0.50000000000000  0.50000000000000  0.50000000000000
  0.50000000000000 -0.50000000000000  0.50000000000000
  0.50000000000000  0.50000000000000 -0.50000000000000
# Spin axis
  0.00000000000000  0.00000000000000  0.00000000000000       l
# sites
     1
  0.00000000000000  0.00000000000000  0.00000000000000    26  l up
# data vectors
  0.00000000000000  0.00000000000000  0.00000000000000    26  l up

 spins = 1
 normalized spin axis (Wyckoff coordinates):
  0.00000000000000  0.00000000000000  0.00000000000000
 Hoholedry (cartesian coordinates): 48 elements
                        P

    0:  1.00000000  .000000000  .000000000
        .000000000  1.00000000  .000000000
        .000000000  .000000000  1.00000000

    1:  1.00000000  .000000000  .000000000
        .000000000  .000000000 -1.00000000
        .000000000 -1.00000000  .000000000

    2:  .000000000  1.00000000  .000000000
        1.00000000  .000000000  .000000000
        .000000000  .000000000  1.00000000

    3:  .000000000  .000000000 -1.00000000
        1.00000000  .000000000  .000000000
        .000000000 -1.00000000  .000000000

    4:  .000000000  .000000000 -1.00000000
        .000000000  1.00000000  .000000000
       -1.00000000  .000000000  .000000000

    5:  .000000000  1.00000000  .000000000
        .000000000  .000000000 -1.00000000
       -1.00000000  .000000000  .000000000

    6: -1.00000000  .000000000  .000000000
        .000000000 -1.00000000  .000000000
        .000000000  .000000000 -1.00000000

    7: -1.00000000  .000000000  .000000000
        .000000000  .000000000  1.00000000
        .000000000  1.00000000  .000000000

    8:  .000000000  .000000000  1.00000000
        .000000000 -1.00000000  .000000000
        1.00000000  .000000000  .000000000

    9:  .000000000 -1.00000000  .000000000
        .000000000  .000000000  1.00000000
        1.00000000  .000000000  .000000000

   10:  .000000000 -1.00000000  .000000000
       -1.00000000  .000000000  .000000000
        .000000000  .000000000 -1.00000000

   11:  .000000000  .000000000  1.00000000
       -1.00000000  .000000000  .000000000
        .000000000  1.00000000  .000000000

   12:  .000000000  .000000000  1.00000000
        .000000000  1.00000000  .000000000
        1.00000000  .000000000  .000000000

   13:  .000000000 -1.00000000  .000000000
        .000000000  .000000000 -1.00000000
        1.00000000  .000000000  .000000000

   14:  .000000000  .000000000  1.00000000
        1.00000000  .000000000  .000000000
        .000000000  1.00000000  .000000000

   15:  .000000000 -1.00000000  .000000000
        1.00000000  .000000000  .000000000
        .000000000  .000000000 -1.00000000

   16: -1.00000000  .000000000  .000000000
        .000000000  .000000000 -1.00000000
        .000000000  1.00000000  .000000000

   17: -1.00000000  .000000000  .000000000
        .000000000  1.00000000  .000000000
        .000000000  .000000000 -1.00000000

   18:  .000000000  1.00000000  .000000000
        .000000000  .000000000  1.00000000
       -1.00000000  .000000000  .000000000

   19:  .000000000  .000000000 -1.00000000
        .000000000 -1.00000000  .000000000
       -1.00000000  .000000000  .000000000

   20:  .000000000  .000000000 -1.00000000
       -1.00000000  .000000000  .000000000
        .000000000 -1.00000000  .000000000

   21:  .000000000  1.00000000  .000000000
       -1.00000000  .000000000  .000000000
        .000000000  .000000000  1.00000000

   22:  1.00000000  .000000000  .000000000
        .000000000  .000000000  1.00000000
        .000000000 -1.00000000  .000000000

   23:  1.00000000  .000000000  .000000000
        .000000000 -1.00000000  .000000000
        .000000000  .000000000  1.00000000

   24:  1.00000000  .000000000  .000000000
        .000000000  .000000000  1.00000000
        .000000000  1.00000000  .000000000

   25:  1.00000000  .000000000  .000000000
        .000000000 -1.00000000  .000000000
        .000000000  .000000000 -1.00000000

   26:  .000000000  1.00000000  .000000000
        .000000000  .000000000  1.00000000
        1.00000000  .000000000  .000000000

   27:  .000000000  .000000000 -1.00000000
        .000000000 -1.00000000  .000000000
        1.00000000  .000000000  .000000000

   28:  .000000000  .000000000 -1.00000000
       -1.00000000  .000000000  .000000000
        .000000000  1.00000000  .000000000

   29:  .000000000  1.00000000  .000000000
       -1.00000000  .000000000  .000000000
        .000000000  .000000000 -1.00000000

   30:  .000000000  1.00000000  .000000000
        1.00000000  .000000000  .000000000
        .000000000  .000000000 -1.00000000

   31:  .000000000  .000000000 -1.00000000
        1.00000000  .000000000  .000000000
        .000000000  1.00000000  .000000000

   32:  .000000000  1.00000000  .000000000
        .000000000  .000000000 -1.00000000
        1.00000000  .000000000  .000000000

   33:  .000000000  .000000000 -1.00000000
        .000000000  1.00000000  .000000000
        1.00000000  .000000000  .000000000

   34:  1.00000000  .000000000  .000000000
        .000000000  1.00000000  .000000000
        .000000000  .000000000 -1.00000000

   35:  1.00000000  .000000000  .000000000
        .000000000  .000000000 -1.00000000
        .000000000  1.00000000  .000000000

   36: -1.00000000  .000000000  .000000000
        .000000000  .000000000 -1.00000000
        .000000000 -1.00000000  .000000000

   37: -1.00000000  .000000000  .000000000
        .000000000  1.00000000  .000000000
        .000000000  .000000000  1.00000000

   38:  .000000000  .000000000  1.00000000
        1.00000000  .000000000  .000000000
        .000000000 -1.00000000  .000000000

   39:  .000000000 -1.00000000  .000000000
        1.00000000  .000000000  .000000000
        .000000000  .000000000  1.00000000

   40:  .000000000  .000000000  1.00000000
        .000000000  1.00000000  .000000000
       -1.00000000  .000000000  .000000000

   41:  .000000000 -1.00000000  .000000000
        .000000000  .000000000 -1.00000000
       -1.00000000  .000000000  .000000000

   42:  .000000000 -1.00000000  .000000000
       -1.00000000  .000000000  .000000000
        .000000000  .000000000  1.00000000

   43:  .000000000  .000000000  1.00000000
       -1.00000000  .000000000  .000000000
        .000000000 -1.00000000  .000000000

   44:  .000000000 -1.00000000  .000000000
        .000000000  .000000000  1.00000000
       -1.00000000  .000000000  .000000000

   45:  .000000000  .000000000  1.00000000
        .000000000 -1.00000000  .000000000
       -1.00000000  .000000000  .000000000

   46: -1.00000000  .000000000  .000000000
        .000000000 -1.00000000  .000000000
        .000000000  .000000000  1.00000000

   47: -1.00000000  .000000000  .000000000
        .000000000  .000000000  1.00000000
        .000000000 -1.00000000  .000000000
 Hoholedry (lattice coordinates): 48 elements
               P

    0:     1     0     0
           0     1     0
           0     0     1

    1:    -1     0     0
          -1     1     0
          -1     0     1

    2:     0     1     0
           1     0     0
           0     0     1

    3:    -1     1     0
          -1     0     0
          -1     0     1

    4:     1    -1     0
           0    -1     0
           0    -1     1

    5:     0    -1     0
           1    -1     0
           0    -1     1

    6:    -1     0     0
           0    -1     0
           0     0    -1

    7:     1     0     0
           1    -1     0
           1     0    -1

    8:    -1     1     0
           0     1     0
           0     1    -1

    9:     0     1     0
          -1     1     0
           0     1    -1

   10:     0    -1     0
          -1     0     0
           0     0    -1

   11:     1    -1     0
           1     0     0
           1     0    -1

   12:     0     0     1
           0     1     0
           1     0     0

   13:    -1     0     1
          -1     1     0
          -1     0     0

   14:     0     0     1
           1     0     0
           0     1     0

   15:    -1     0     1
          -1     0     0
          -1     1     0

   16:     0    -1     1
           1    -1     0
           0    -1     0

   17:     0    -1     1
           0    -1     0
           1    -1     0

   18:     1     0    -1
           1    -1     0
           1     0     0

   19:     0     0    -1
           0    -1     0
          -1     0     0

   20:     0     0    -1
          -1     0     0
           0    -1     0

   21:     1     0    -1
           1     0     0
           1    -1     0

   22:     0     1    -1
          -1     1     0
           0     1     0

   23:     0     1    -1
           0     1     0
          -1     1     0

   24:     1     0     0
           0     0     1
           0     1     0

   25:    -1     0     0
          -1     0     1
          -1     1     0

   26:     0     1     0
           0     0     1
           1     0     0

   27:    -1     1     0
          -1     0     1
          -1     0     0

   28:     1    -1     0
           0    -1     1
           0    -1     0

   29:     0    -1     0
           0    -1     1
           1    -1     0

   30:    -1     0     1
           0    -1     1
           0     0     1

   31:     0     0     1
           0    -1     1
          -1     0     1

   32:    -1     0     1
           0     0     1
           0    -1     1

   33:     0     0     1
          -1     0     1
           0    -1     1

   34:     0    -1     1
          -1     0     1
           0     0     1

   35:     0    -1     1
           0     0     1
          -1     0     1

   36:    -1     0     0
           0     0    -1
           0    -1     0

   37:     1     0     0
           1     0    -1
           1    -1     0

   38:    -1     1     0
           0     1    -1
           0     1     0

   39:     0     1     0
           0     1    -1
          -1     1     0

   40:     1    -1     0
           1     0    -1
           1     0     0

   41:     0    -1     0
           0     0    -1
          -1     0     0

   42:     1     0    -1
           0     1    -1
           0     0    -1

   43:     0     0    -1
           0     1    -1
           1     0    -1

   44:     1     0    -1
           0     0    -1
           0     1    -1

   45:     0     0    -1
           1     0    -1
           0     1    -1

   46:     0     1    -1
           1     0    -1
           0     0    -1

   47:     0     1    -1
           0     0    -1
           1     0    -1

 Preserve unit cell: order = 48
 group order: 48
 group in lattice coordinates:
               P

    0:     1     0     0
           0     1     0
           0     0     1

    1:    -1     0     0
          -1     1     0
          -1     0     1

    2:     0     1     0
           1     0     0
           0     0     1

    3:    -1     1     0
          -1     0     0
          -1     0     1

    4:     1    -1     0
           0    -1     0
           0    -1     1

    5:     0    -1     0
           1    -1     0
           0    -1     1

    6:    -1     0     0
           0    -1     0
           0     0    -1

    7:     1     0     0
           1    -1     0
           1     0    -1

    8:    -1     1     0
           0     1     0
           0     1    -1

    9:     0     1     0
          -1     1     0
           0     1    -1

   10:     0    -1     0
          -1     0     0
           0     0    -1

   11:     1    -1     0
           1     0     0
           1     0    -1

   12:     0     0     1
           0     1     0
           1     0     0

   13:    -1     0     1
          -1     1     0
          -1     0     0

   14:     0     0     1
           1     0     0
           0     1     0

   15:    -1     0     1
          -1     0     0
          -1     1     0

   16:     0    -1     1
           1    -1     0
           0    -1     0

   17:     0    -1     1
           0    -1     0
           1    -1     0

   18:     1     0    -1
           1    -1     0
           1     0     0

   19:     0     0    -1
           0    -1     0
          -1     0     0

   20:     0     0    -1
          -1     0     0
           0    -1     0

   21:     1     0    -1
           1     0     0
           1    -1     0

   22:     0     1    -1
          -1     1     0
           0     1     0

   23:     0     1    -1
           0     1     0
          -1     1     0

   24:     1     0     0
           0     0     1
           0     1     0

   25:    -1     0     0
          -1     0     1
          -1     1     0

   26:     0     1     0
           0     0     1
           1     0     0

   27:    -1     1     0
          -1     0     1
          -1     0     0

   28:     1    -1     0
           0    -1     1
           0    -1     0

   29:     0    -1     0
           0    -1     1
           1    -1     0

   30:    -1     0     1
           0    -1     1
           0     0     1

   31:     0     0     1
           0    -1     1
          -1     0     1

   32:    -1     0     1
           0     0     1
           0    -1     1

   33:     0     0     1
          -1     0     1
           0    -1     1

   34:     0    -1     1
          -1     0     1
           0     0     1

   35:     0    -1     1
           0     0     1
          -1     0     1

   36:    -1     0     0
           0     0    -1
           0    -1     0

   37:     1     0     0
           1     0    -1
           1    -1     0

   38:    -1     1     0
           0     1    -1
           0     1     0

   39:     0     1     0
           0     1    -1
          -1     1     0

   40:     1    -1     0
           1     0    -1
           1     0     0

   41:     0    -1     0
           0     0    -1
          -1     0     0

   42:     1     0    -1
           0     1    -1
           0     0    -1

   43:     0     0    -1
           0     1    -1
           1     0    -1

   44:     1     0    -1
           0     0    -1
           0     1    -1

   45:     0     0    -1
           1     0    -1
           0     1    -1

   46:     0     1    -1
           1     0    -1
           0     0    -1

   47:     0     1    -1
           0     0    -1
           1     0    -1

 group in cartesian coordinates:
                        P

    0:  1.00000000  .000000000  .000000000
        .000000000  1.00000000  .000000000
        .000000000  .000000000  1.00000000

    1:  1.00000000  .000000000  .000000000
        .000000000  .000000000 -1.00000000
        .000000000 -1.00000000  .000000000

    2:  .000000000  1.00000000  .000000000
        1.00000000  .000000000  .000000000
        .000000000  .000000000  1.00000000

    3:  .000000000  .000000000 -1.00000000
        1.00000000  .000000000  .000000000
        .000000000 -1.00000000  .000000000

    4:  .000000000  .000000000 -1.00000000
        .000000000  1.00000000  .000000000
       -1.00000000  .000000000  .000000000

    5:  .000000000  1.00000000  .000000000
        .000000000  .000000000 -1.00000000
       -1.00000000  .000000000  .000000000

    6: -1.00000000  .000000000  .000000000
        .000000000 -1.00000000  .000000000
        .000000000  .000000000 -1.00000000

    7: -1.00000000  .000000000  .000000000
        .000000000  .000000000  1.00000000
        .000000000  1.00000000  .000000000

    8:  .000000000  .000000000  1.00000000
        .000000000 -1.00000000  .000000000
        1.00000000  .000000000  .000000000

    9:  .000000000 -1.00000000  .000000000
        .000000000  .000000000  1.00000000
        1.00000000  .000000000  .000000000

   10:  .000000000 -1.00000000  .000000000
       -1.00000000  .000000000  .000000000
        .000000000  .000000000 -1.00000000

   11:  .000000000  .000000000  1.00000000
       -1.00000000  .000000000  .000000000
        .000000000  1.00000000  .000000000

   12:  .000000000  .000000000  1.00000000
        .000000000  1.00000000  .000000000
        1.00000000  .000000000  .000000000

   13:  .000000000 -1.00000000  .000000000
        .000000000  .000000000 -1.00000000
        1.00000000  .000000000  .000000000

   14:  .000000000  .000000000  1.00000000
        1.00000000  .000000000  .000000000
        .000000000  1.00000000  .000000000

   15:  .000000000 -1.00000000  .000000000
        1.00000000  .000000000  .000000000
        .000000000  .000000000 -1.00000000

   16: -1.00000000  .000000000  .000000000
        .000000000  .000000000 -1.00000000
        .000000000  1.00000000  .000000000

   17: -1.00000000  .000000000  .000000000
        .000000000  1.00000000  .000000000
        .000000000  .000000000 -1.00000000

   18:  .000000000  1.00000000  .000000000
        .000000000  .000000000  1.00000000
       -1.00000000  .000000000  .000000000

   19:  .000000000  .000000000 -1.00000000
        .000000000 -1.00000000  .000000000
       -1.00000000  .000000000  .000000000

   20:  .000000000  .000000000 -1.00000000
       -1.00000000  .000000000  .000000000
        .000000000 -1.00000000  .000000000

   21:  .000000000  1.00000000  .000000000
       -1.00000000  .000000000  .000000000
        .000000000  .000000000  1.00000000

   22:  1.00000000  .000000000  .000000000
        .000000000  .000000000  1.00000000
        .000000000 -1.00000000  .000000000

   23:  1.00000000  .000000000  .000000000
        .000000000 -1.00000000  .000000000
        .000000000  .000000000  1.00000000

   24:  1.00000000  .000000000  .000000000
        .000000000  .000000000  1.00000000
        .000000000  1.00000000  .000000000

   25:  1.00000000  .000000000  .000000000
        .000000000 -1.00000000  .000000000
        .000000000  .000000000 -1.00000000

   26:  .000000000  1.00000000  .000000000
        .000000000  .000000000  1.00000000
        1.00000000  .000000000  .000000000

   27:  .000000000  .000000000 -1.00000000
        .000000000 -1.00000000  .000000000
        1.00000000  .000000000  .000000000

   28:  .000000000  .000000000 -1.00000000
       -1.00000000  .000000000  .000000000
        .000000000  1.00000000  .000000000

   29:  .000000000  1.00000000  .000000000
       -1.00000000  .000000000  .000000000
        .000000000  .000000000 -1.00000000

   30:  .000000000  1.00000000  .000000000
        1.00000000  .000000000  .000000000
        .000000000  .000000000 -1.00000000

   31:  .000000000  .000000000 -1.00000000
        1.00000000  .000000000  .000000000
        .000000000  1.00000000  .000000000

   32:  .000000000  1.00000000  .000000000
        .000000000  .000000000 -1.00000000
        1.00000000  .000000000  .000000000

   33:  .000000000  .000000000 -1.00000000
        .000000000  1.00000000  .000000000
        1.00000000  .000000000  .000000000

   34:  1.00000000  .000000000  .000000000
        .000000000  1.00000000  .000000000
        .000000000  .000000000 -1.00000000

   35:  1.00000000  .000000000  .000000000
        .000000000  .000000000 -1.00000000
        .000000000  1.00000000  .000000000

   36: -1.00000000  .000000000  .000000000
        .000000000  .000000000 -1.00000000
        .000000000 -1.00000000  .000000000

   37: -1.00000000  .000000000  .000000000
        .000000000  1.00000000  .000000000
        .000000000  .000000000  1.00000000

   38:  .000000000  .000000000  1.00000000
        1.00000000  .000000000  .000000000
        .000000000 -1.00000000  .000000000

   39:  .000000000 -1.00000000  .000000000
        1.00000000  .000000000  .000000000
        .000000000  .000000000  1.00000000

   40:  .000000000  .000000000  1.00000000
        .000000000  1.00000000  .000000000
       -1.00000000  .000000000  .000000000

   41:  .000000000 -1.00000000  .000000000
        .000000000  .000000000 -1.00000000
       -1.00000000  .000000000  .000000000

   42:  .000000000 -1.00000000  .000000000
       -1.00000000  .000000000  .000000000
        .000000000  .000000000  1.00000000

   43:  .000000000  .000000000  1.00000000
       -1.00000000  .000000000  .000000000
        .000000000 -1.00000000  .000000000

   44:  .000000000 -1.00000000  .000000000
        .000000000  .000000000  1.00000000
       -1.00000000  .000000000  .000000000

   45:  .000000000  .000000000  1.00000000
        .000000000 -1.00000000  .000000000
       -1.00000000  .000000000  .000000000

   46: -1.00000000  .000000000  .000000000
        .000000000 -1.00000000  .000000000
        .000000000  .000000000  1.00000000

   47: -1.00000000  .000000000  .000000000
        .000000000  .000000000  1.00000000
        .000000000 -1.00000000  .000000000

 Types:     1
 in Wyckoff coordinates:
  type  site                 1                 2                 3    label   rot
     0     0  0.00000000000000  0.00000000000000  0.00000000000000    26 up     0
 group elements by axis and angle
  P           x           y           z  (2 pi)/ang   inv
  0  0.00000000  0.00000000  1.00000000           1     1
  1 -0.57735027 -0.57735027  0.57735027          -3     1
  2 -0.57735027 -0.57735027  0.57735027           3     1
  3  0.00000000  0.70710678  0.70710678          -2     1
  4  0.70710678  0.00000000  0.70710678          -2     1
  5  0.70710678 -0.70710678 -0.00000000          -2     1
  6  0.57735027 -0.57735027  0.57735027          -3     1
  7  0.57735027  0.57735027  0.57735027          -3     1
  8  0.00000000  1.00000000  0.00000000          -2     1
  9 -0.70710678  0.00000000  0.70710678          -2     1
 10  0.00000000  0.00000000  1.00000000           4     1
 11  1.00000000  0.00000000  0.00000000           4     1
 12  1.00000000  0.00000000  0.00000000          -2     1
 13  0.57735027  0.57735027  0.57735027           3     1
 14 -0.57735027  0.57735027  0.57735027           3     1
 15  0.70710678  0.70710678  0.00000000          -2     1
 16  0.00000000  1.00000000  0.00000000           4     1
 17  1.00000000  0.00000000  0.00000000          -4     1
 18  0.00000000 -0.70710678  0.70710678           2     1
 19  0.00000000  0.00000000  1.00000000          -4     1
 20  0.00000000  1.00000000  0.00000000          -4     1
 21  0.57735027 -0.57735027  0.57735027           3     1
 22 -0.57735027  0.57735027  0.57735027          -3     1
 23  0.00000000  0.00000000  1.00000000          -2     1
 24  0.00000000 -0.70710678  0.70710678           2    -1
 25 -0.70710678  0.00000000  0.70710678          -2    -1
 26  0.00000000  0.00000000  1.00000000           1    -1
 27  0.00000000  1.00000000  0.00000000          -4    -1
 28  0.00000000  0.70710678  0.70710678          -2    -1
 29  0.00000000  0.00000000  1.00000000          -4    -1
 30  0.00000000  0.00000000  1.00000000           4    -1
 31  0.57735027 -0.57735027  0.57735027           3    -1
 32 -0.57735027  0.57735027  0.57735027          -3    -1
 33  1.00000000  0.00000000  0.00000000           4    -1
 34  0.00000000  0.00000000  1.00000000          -2    -1
 35  0.70710678  0.00000000  0.70710678          -2    -1
 36  0.57735027 -0.57735027  0.57735027          -3    -1
 37  1.00000000  0.00000000  0.00000000          -2    -1
 38 -0.57735027  0.57735027  0.57735027           3    -1
 39 -0.57735027 -0.57735027  0.57735027           3    -1
 40  0.57735027  0.57735027  0.57735027          -3    -1
 41  0.57735027  0.57735027  0.57735027           3    -1
 42  0.70710678  0.70710678  0.00000000          -2    -1
 43  0.70710678 -0.70710678 -0.00000000          -2    -1
 44 -0.57735027 -0.57735027  0.57735027          -3    -1
 45  0.00000000  1.00000000  0.00000000           4    -1
 46  0.00000000  1.00000000  0.00000000          -2    -1
 47  1.00000000  0.00000000  0.00000000          -4    -1
 for type: 1
 48 elements in the local group
 Euler angles:  0.00000000000000  0.00000000000000  0.00000000000000     1
               -1.57079632679490  1.57079632679490  0.00000000000000     1
                3.14159265358979  1.57079632679490 -1.57079632679490     1
                1.57079632679490  1.57079632679490  1.57079632679490     1
                0.00000000000000  1.57079632679490  3.14159265358979     1
                1.57079632679490  3.14159265358979  0.00000000000000     1
                0.00000000000000  1.57079632679490 -1.57079632679490     1
                1.57079632679490  1.57079632679490  3.14159265358979     1
               -0.00000000000000  3.14159265358979  0.00000000000000     1
                3.14159265358979  1.57079632679490  0.00000000000000     1
                1.57079632679490  0.00000000000000  0.00000000000000     1
               -1.57079632679490  1.57079632679490  1.57079632679490     1
               -3.14159265358979  3.14159265358979  0.00000000000000     1
                0.00000000000000  1.57079632679490  1.57079632679490     1
                1.57079632679490  1.57079632679490  0.00000000000000     1
               -1.57079632679490  3.14159265358979  0.00000000000000     1
                0.00000000000000  1.57079632679490  0.00000000000000     1
                1.57079632679490  1.57079632679490 -1.57079632679490     1
               -1.57079632679490  1.57079632679490 -1.57079632679490     1
               -1.57079632679490  0.00000000000000  0.00000000000000     1
                3.14159265358979  1.57079632679490  3.14159265358979     1
               -1.57079632679490  1.57079632679490  3.14159265358979     1
                3.14159265358979  1.57079632679490  1.57079632679490     1
               -3.14159265358979  0.00000000000000  0.00000000000000     1
               -1.57079632679490  1.57079632679490 -1.57079632679490    -1
               -3.14159265358979  1.57079632679490 -0.00000000000000    -1
                0.00000000000000  0.00000000000000  0.00000000000000    -1
               -3.14159265358979  1.57079632679490 -3.14159265358979    -1
                1.57079632679490  1.57079632679490  1.57079632679490    -1
               -1.57079632679490  0.00000000000000  0.00000000000000    -1
                1.57079632679490  0.00000000000000  0.00000000000000    -1
               -1.57079632679490  1.57079632679490 -3.14159265358979    -1
               -3.14159265358979  1.57079632679490  1.57079632679490    -1
               -1.57079632679490  1.57079632679490  1.57079632679490    -1
                3.14159265358979  0.00000000000000  0.00000000000000    -1
               -0.00000000000000  1.57079632679490 -3.14159265358979    -1
               -0.00000000000000  1.57079632679490 -1.57079632679490    -1
                3.14159265358979  3.14159265358979  0.00000000000000    -1
                1.57079632679490  1.57079632679490 -0.00000000000000    -1
               -3.14159265358979  1.57079632679490 -1.57079632679490    -1
                1.57079632679490  1.57079632679490 -3.14159265358979    -1
               -0.00000000000000  1.57079632679490  1.57079632679490    -1
               -1.57079632679490  3.14159265358979  0.00000000000000    -1
                1.57079632679490  3.14159265358979  0.00000000000000    -1
               -1.57079632679490  1.57079632679490 -0.00000000000000    -1
               -0.00000000000000  1.57079632679490 -0.00000000000000    -1
                0.00000000000000  3.14159265358979  0.00000000000000    -1
                1.57079632679490  1.57079632679490 -1.57079632679490    -1
 0 representations for L = 1
 0 representations for L = 2
 0 representations for L = 3
 1 representations for L = 4
 0 representations for L = 5
 1 representations for L = 6
 0 representations for L = 7
 1 representations for L = 8

Nearest neighbor table
 type1 type2    distance
   1     1     0.86602540  
         1     1.00000000  
         1     1.41421356  
         1     1.65831240  

########################################################################
